Started GET "/manifest.json" for ::1 at 2024-03-04 18:59:24 -0500
  [1m[35m (0.3ms)[0m  [1m[35mCREATE TABLE "schema_migrations" ("version" varchar NOT NULL PRIMARY KEY)[0m
  [1m[35m (0.1ms)[0m  [1m[35mCREATE TABLE "ar_internal_metadata" ("key" varchar NOT NULL PRIMARY KEY, "value" varchar, "created_at" datetime(6) NOT NULL, "updated_at" datetime(6) NOT NULL)[0m
  [1m[36mActiveRecord::SchemaMigration Load (0.1ms)[0m  [1m[34mSELECT "schema_migrations"."version" FROM "schema_migrations" ORDER BY "schema_migrations"."version" ASC[0m
  
ActionController::RoutingError (No route matches [GET] "/manifest.json"):
  
Started GET "/ws" for ::1 at 2024-03-04 19:02:02 -0500
  [1m[36mActiveRecord::SchemaMigration Load (0.1ms)[0m  [1m[34mSELECT "schema_migrations"."version" FROM "schema_migrations" ORDER BY "schema_migrations"."version" ASC[0m
  
ActionController::RoutingError (No route matches [GET] "/ws"):
  
Started GET "/" for ::1 at 2024-03-04 19:02:04 -0500
Processing by Rails::WelcomeController#index as HTML
  Rendering /Users/jasonbracco/.rbenv/versions/3.2.3/lib/ruby/gems/3.2.0/gems/railties-7.1.3.2/lib/rails/templates/rails/welcome/index.html.erb
  Rendered /Users/jasonbracco/.rbenv/versions/3.2.3/lib/ruby/gems/3.2.0/gems/railties-7.1.3.2/lib/rails/templates/rails/welcome/index.html.erb (Duration: 0.4ms | Allocations: 270)
Completed 200 OK in 7ms (Views: 1.0ms | ActiveRecord: 0.0ms | Allocations: 2524)


Started GET "/" for ::1 at 2024-03-04 19:02:06 -0500
Processing by Rails::WelcomeController#index as HTML
  Rendering /Users/jasonbracco/.rbenv/versions/3.2.3/lib/ruby/gems/3.2.0/gems/railties-7.1.3.2/lib/rails/templates/rails/welcome/index.html.erb
  Rendered /Users/jasonbracco/.rbenv/versions/3.2.3/lib/ruby/gems/3.2.0/gems/railties-7.1.3.2/lib/rails/templates/rails/welcome/index.html.erb (Duration: 0.0ms | Allocations: 13)
Completed 200 OK in 1ms (Views: 0.3ms | ActiveRecord: 0.0ms | Allocations: 189)


Started GET "/" for ::1 at 2024-03-04 19:02:07 -0500
Processing by Rails::WelcomeController#index as HTML
  Rendering /Users/jasonbracco/.rbenv/versions/3.2.3/lib/ruby/gems/3.2.0/gems/railties-7.1.3.2/lib/rails/templates/rails/welcome/index.html.erb
  Rendered /Users/jasonbracco/.rbenv/versions/3.2.3/lib/ruby/gems/3.2.0/gems/railties-7.1.3.2/lib/rails/templates/rails/welcome/index.html.erb (Duration: 0.1ms | Allocations: 13)
Completed 200 OK in 1ms (Views: 0.7ms | ActiveRecord: 0.0ms | Allocations: 185)


Started GET "/" for ::1 at 2024-03-04 19:03:12 -0500
Processing by StaticController#index as HTML
Completed 204 No Content in 0ms (ActiveRecord: 0.0ms | Allocations: 93)


Started GET "/" for ::1 at 2024-03-04 19:06:38 -0500
Processing by StaticController#index as HTML
Completed 204 No Content in 0ms (ActiveRecord: 0.0ms | Allocations: 60)


Started GET "/" for ::1 at 2024-03-04 19:10:28 -0500
  [1m[36mActiveRecord::SchemaMigration Load (0.2ms)[0m  [1m[34mSELECT "schema_migrations"."version" FROM "schema_migrations" ORDER BY "schema_migrations"."version" ASC[0m
Processing by StaticController#index as HTML
Completed 204 No Content in 2ms (ActiveRecord: 0.0ms | Allocations: 2306)


Started GET "/" for ::1 at 2024-03-04 19:10:30 -0500
Processing by StaticController#index as HTML
Completed 204 No Content in 0ms (ActiveRecord: 0.0ms | Allocations: 19)


Started GET "/" for ::1 at 2024-03-04 19:10:33 -0500
Processing by StaticController#index as HTML
Completed 204 No Content in 0ms (ActiveRecord: 0.0ms | Allocations: 18)


Started GET "/" for ::1 at 2024-03-04 19:10:39 -0500
Processing by StaticController#index as HTML
Completed 204 No Content in 0ms (ActiveRecord: 0.0ms | Allocations: 18)


Started GET "/" for 127.0.0.1 at 2024-03-04 19:11:16 -0500
Processing by StaticController#index as HTML
Completed 204 No Content in 0ms (ActiveRecord: 0.0ms | Allocations: 17)


Started GET "/" for 127.0.0.1 at 2024-03-04 19:11:23 -0500
Processing by StaticController#index as HTML
Completed 204 No Content in 0ms (ActiveRecord: 0.0ms | Allocations: 17)


Started GET "/" for ::1 at 2024-03-04 19:16:00 -0500
  [1m[36mActiveRecord::SchemaMigration Load (0.0ms)[0m  [1m[34mSELECT "schema_migrations"."version" FROM "schema_migrations" ORDER BY "schema_migrations"."version" ASC[0m
Processing by StaticController#index as HTML
Completed 204 No Content in 2ms (ActiveRecord: 0.0ms | Allocations: 2305)


Started GET "/" for ::1 at 2024-03-04 19:16:02 -0500
Processing by StaticController#index as HTML
Completed 204 No Content in 0ms (ActiveRecord: 0.0ms | Allocations: 19)


Started GET "/" for ::1 at 2024-03-04 19:18:49 -0500
Processing by StaticController#index as HTML
Completed 200 OK in 0ms (Views: 0.1ms | ActiveRecord: 0.0ms | Allocations: 247)


Started GET "/" for ::1 at 2024-03-04 19:18:49 -0500
Processing by StaticController#index as HTML
Completed 200 OK in 0ms (Views: 0.1ms | ActiveRecord: 0.0ms | Allocations: 104)


Started GET "/favicon.ico" for ::1 at 2024-03-04 19:18:49 -0500
  
ActionController::RoutingError (No route matches [GET] "/favicon.ico"):
  
Started GET "/" for ::1 at 2024-03-04 19:18:54 -0500
Processing by StaticController#index as HTML
Completed 200 OK in 0ms (Views: 0.2ms | ActiveRecord: 0.0ms | Allocations: 106)


Started GET "/" for ::1 at 2024-03-04 19:21:31 -0500
Processing by StaticController#index as HTML
Completed 200 OK in 0ms (Views: 0.1ms | ActiveRecord: 0.0ms | Allocations: 104)


Started GET "/" for ::1 at 2024-03-04 19:21:45 -0500
  [1m[36mActiveRecord::SchemaMigration Load (0.0ms)[0m  [1m[34mSELECT "schema_migrations"."version" FROM "schema_migrations" ORDER BY "schema_migrations"."version" ASC[0m
Processing by StaticController#index as HTML
Completed 200 OK in 3ms (Views: 0.1ms | ActiveRecord: 0.0ms | Allocations: 2492)


Started GET "/" for ::1 at 2024-03-04 19:21:45 -0500
Processing by StaticController#index as HTML
Completed 200 OK in 1ms (Views: 0.2ms | ActiveRecord: 0.0ms | Allocations: 105)


Started GET "/" for ::1 at 2024-03-04 19:21:46 -0500
Processing by StaticController#index as HTML
Completed 200 OK in 0ms (Views: 0.1ms | ActiveRecord: 0.0ms | Allocations: 104)


Started GET "/" for ::1 at 2024-03-04 19:21:47 -0500
Processing by StaticController#index as HTML
Completed 200 OK in 0ms (Views: 0.1ms | ActiveRecord: 0.0ms | Allocations: 104)


Started GET "/" for ::1 at 2024-03-04 19:25:36 -0500
Processing by StaticController#index as HTML
Completed 200 OK in 1ms (Views: 0.2ms | ActiveRecord: 0.0ms | Allocations: 104)


Started GET "/" for ::1 at 2024-03-04 19:25:38 -0500
Processing by StaticController#index as HTML
Completed 200 OK in 0ms (Views: 0.1ms | ActiveRecord: 0.0ms | Allocations: 103)


Started GET "/" for ::1 at 2024-03-04 19:25:48 -0500
  [1m[36mActiveRecord::SchemaMigration Load (0.0ms)[0m  [1m[34mSELECT "schema_migrations"."version" FROM "schema_migrations" ORDER BY "schema_migrations"."version" ASC[0m
Processing by StaticController#index as HTML
Completed 200 OK in 3ms (Views: 0.1ms | ActiveRecord: 0.0ms | Allocations: 2492)


Started GET "/" for ::1 at 2024-03-04 19:25:51 -0500
Processing by StaticController#index as HTML
Completed 200 OK in 0ms (Views: 0.1ms | ActiveRecord: 0.0ms | Allocations: 105)


Started GET "/" for ::1 at 2024-03-04 19:25:53 -0500
Processing by StaticController#index as HTML
Completed 200 OK in 0ms (Views: 0.1ms | ActiveRecord: 0.0ms | Allocations: 104)


Started GET "/" for ::1 at 2024-03-04 19:26:04 -0500
Processing by StaticController#index as HTML
Completed 200 OK in 0ms (Views: 0.0ms | ActiveRecord: 0.0ms | Allocations: 175)


Started GET "/" for ::1 at 2024-03-04 19:26:05 -0500
Processing by StaticController#index as HTML
Completed 200 OK in 1ms (Views: 0.2ms | ActiveRecord: 0.0ms | Allocations: 105)


Started GET "/" for ::1 at 2024-03-04 19:29:03 -0500
Processing by StaticController#index as HTML
Completed 200 OK in 1ms (Views: 0.2ms | ActiveRecord: 0.0ms | Allocations: 104)


Started GET "/" for ::1 at 2024-03-04 19:31:02 -0500
Processing by StaticController#index as HTML
Completed 200 OK in 2ms (Views: 0.1ms | ActiveRecord: 0.0ms | Allocations: 104)


Started GET "/" for ::1 at 2024-03-04 19:38:53 -0500
Processing by StaticController#index as HTML
Completed 200 OK in 0ms (Views: 0.1ms | ActiveRecord: 0.0ms | Allocations: 174)


Started GET "/" for ::1 at 2024-03-04 19:41:51 -0500
  [1m[36mActiveRecord::SchemaMigration Load (0.0ms)[0m  [1m[34mSELECT "schema_migrations"."version" FROM "schema_migrations" ORDER BY "schema_migrations"."version" ASC[0m
Processing by StaticController#index as HTML
Completed 200 OK in 2ms (Views: 0.0ms | ActiveRecord: 0.0ms | Allocations: 2529)


Started GET "/" for ::1 at 2024-03-04 19:41:56 -0500
Processing by StaticController#index as HTML
Completed 200 OK in 0ms (Views: 0.1ms | ActiveRecord: 0.0ms | Allocations: 141)


Started GET "/" for ::1 at 2024-03-04 19:41:57 -0500
Processing by StaticController#index as HTML
Completed 200 OK in 0ms (Views: 0.1ms | ActiveRecord: 0.0ms | Allocations: 140)


Started GET "/" for ::1 at 2024-03-04 19:41:57 -0500
Processing by StaticController#index as HTML
Completed 200 OK in 0ms (Views: 0.1ms | ActiveRecord: 0.0ms | Allocations: 140)


